<?xml version="1.0" encoding="UTF-8"?>
<coverage generated="1724003424580" clover="3.2.0">
  <project timestamp="1724003424580" name="All files">
    <metrics statements="57" coveredstatements="53" conditionals="21" coveredconditionals="19" methods="21" coveredmethods="16" elements="99" coveredelements="88" complexity="0" loc="57" ncloc="57" packages="2" files="3" classes="3"/>
    <package name="dmd-readme-api">
      <metrics statements="2" coveredstatements="0" conditionals="0" coveredconditionals="0" methods="0" coveredmethods="0"/>
      <file name=".eslintrc.js" path="/Users/zane/playground/dmd-readme-api/.eslintrc.js">
        <metrics statements="2" coveredstatements="0" conditionals="0" coveredconditionals="0" methods="0" coveredmethods="0"/>
        <line num="1" count="0" type="stmt"/>
        <line num="60" count="0" type="stmt"/>
      </file>
    </package>
    <package name="dmd-readme-api.helpers">
      <metrics statements="55" coveredstatements="53" conditionals="21" coveredconditionals="19" methods="21" coveredmethods="16"/>
      <file name="ddata.js" path="/Users/zane/playground/dmd-readme-api/helpers/ddata.js">
        <metrics statements="21" coveredstatements="20" conditionals="6" coveredconditionals="5" methods="9" coveredmethods="9"/>
        <line num="1" count="2" type="stmt"/>
        <line num="15" count="4" type="stmt"/>
        <line num="18" count="27" type="stmt"/>
        <line num="22" count="7" type="stmt"/>
        <line num="23" count="45" type="stmt"/>
        <line num="24" count="41" type="stmt"/>
        <line num="26" count="9" type="cond" truecount="2" falsecount="0"/>
        <line num="27" count="8" type="cond" truecount="2" falsecount="0"/>
        <line num="29" count="4" type="stmt"/>
        <line num="30" count="8" type="stmt"/>
        <line num="32" count="4" type="stmt"/>
        <line num="33" count="8" type="stmt"/>
        <line num="35" count="4" type="stmt"/>
        <line num="36" count="8" type="stmt"/>
        <line num="37" count="8" type="stmt"/>
        <line num="38" count="8" type="cond" truecount="1" falsecount="1"/>
        <line num="39" count="0" type="stmt"/>
        <line num="42" count="4" type="stmt"/>
        <line num="47" count="2" type="stmt"/>
        <line num="48" count="2" type="stmt"/>
        <line num="49" count="2" type="stmt"/>
      </file>
      <file name="helpers.js" path="/Users/zane/playground/dmd-readme-api/helpers/helpers.js">
        <metrics statements="34" coveredstatements="33" conditionals="15" coveredconditionals="14" methods="12" coveredmethods="7"/>
        <line num="1" count="2" type="stmt"/>
        <line num="4" count="8" type="cond" truecount="1" falsecount="1"/>
        <line num="5" count="0" type="stmt"/>
        <line num="8" count="8" type="stmt"/>
        <line num="9" count="8" type="stmt"/>
        <line num="10" count="8" type="stmt"/>
        <line num="11" count="8" type="stmt"/>
        <line num="14" count="8" type="stmt"/>
        <line num="16" count="8" type="stmt"/>
        <line num="21" count="12" type="stmt"/>
        <line num="22" count="12" type="cond" truecount="3" falsecount="0"/>
        <line num="26" count="17" type="stmt"/>
        <line num="27" count="17" type="cond" truecount="2" falsecount="0"/>
        <line num="29" count="16" type="stmt"/>
        <line num="30" count="30" type="cond" truecount="2" falsecount="0"/>
        <line num="31" count="27" type="stmt"/>
        <line num="36" count="21" type="stmt"/>
        <line num="37" count="21" type="cond" truecount="2" falsecount="0"/>
        <line num="39" count="20" type="stmt"/>
        <line num="40" count="46" type="cond" truecount="2" falsecount="0"/>
        <line num="41" count="44" type="stmt"/>
        <line num="46" count="2" type="stmt"/>
        <line num="48" count="38" type="stmt"/>
        <line num="49" count="38" type="cond" truecount="2" falsecount="0"/>
        <line num="50" count="36" type="stmt"/>
        <line num="53" count="2" type="stmt"/>
        <line num="54" count="2" type="stmt"/>
        <line num="55" count="2" type="stmt"/>
        <line num="56" count="2" type="stmt"/>
        <line num="57" count="2" type="stmt"/>
        <line num="58" count="2" type="stmt"/>
        <line num="59" count="2" type="stmt"/>
        <line num="60" count="2" type="stmt"/>
        <line num="61" count="2" type="stmt"/>
      </file>
    </package>
  </project>
</coverage>
