<?xml version="1.0" encoding="UTF-8"?>
<coverage generated="1724186904161" clover="3.2.0">
  <project timestamp="1724186904161" name="All files">
    <metrics statements="107" coveredstatements="80" conditionals="40" coveredconditionals="22" methods="32" coveredmethods="23" elements="179" coveredelements="125" complexity="0" loc="107" ncloc="107" packages="1" files="2" classes="2"/>
    <file name="ddata.js" path="/Users/zane/playground/dmd-readme-api/helpers/ddata.js">
      <metrics statements="20" coveredstatements="20" conditionals="6" coveredconditionals="4" methods="7" coveredmethods="7"/>
      <line num="1" count="2" type="stmt"/>
      <line num="15" count="4" type="stmt"/>
      <line num="18" count="7" type="stmt"/>
      <line num="19" count="11" type="stmt"/>
      <line num="20" count="63" type="stmt"/>
      <line num="21" count="53" type="stmt"/>
      <line num="23" count="11" type="stmt"/>
      <line num="24" count="41" type="stmt"/>
      <line num="26" count="11" type="stmt"/>
      <line num="27" count="41" type="stmt"/>
      <line num="29" count="11" type="stmt"/>
      <line num="30" count="30" type="stmt"/>
      <line num="31" count="30" type="stmt"/>
      <line num="32" count="30" type="cond" truecount="2" falsecount="0"/>
      <line num="33" count="7" type="stmt"/>
      <line num="37" count="4" type="cond" truecount="1" falsecount="1"/>
      <line num="38" count="4" type="cond" truecount="1" falsecount="1"/>
      <line num="40" count="4" type="stmt"/>
      <line num="44" count="2" type="stmt"/>
      <line num="45" count="2" type="stmt"/>
    </file>
    <file name="helpers.js" path="/Users/zane/playground/dmd-readme-api/helpers/helpers.js">
      <metrics statements="87" coveredstatements="60" conditionals="34" coveredconditionals="18" methods="25" coveredmethods="16"/>
      <line num="1" count="2" type="stmt"/>
      <line num="3" count="2" type="stmt"/>
      <line num="6" count="8" type="cond" truecount="1" falsecount="1"/>
      <line num="7" count="0" type="stmt"/>
      <line num="10" count="8" type="stmt"/>
      <line num="11" count="8" type="stmt"/>
      <line num="12" count="8" type="stmt"/>
      <line num="13" count="8" type="stmt"/>
      <line num="16" count="8" type="stmt"/>
      <line num="18" count="8" type="stmt"/>
      <line num="22" count="20" type="stmt"/>
      <line num="26" count="33" type="stmt"/>
      <line num="27" count="33" type="cond" truecount="2" falsecount="0"/>
      <line num="29" count="32" type="stmt"/>
      <line num="30" count="62" type="cond" truecount="2" falsecount="0"/>
      <line num="31" count="50" type="stmt"/>
      <line num="36" count="30" type="stmt"/>
      <line num="37" count="30" type="cond" truecount="2" falsecount="0"/>
      <line num="39" count="29" type="stmt"/>
      <line num="40" count="64" type="cond" truecount="2" falsecount="0"/>
      <line num="41" count="62" type="stmt"/>
      <line num="46" count="15" type="stmt"/>
      <line num="47" count="15" type="stmt"/>
      <line num="53" count="15" type="stmt"/>
      <line num="54" count="60" type="stmt"/>
      <line num="55" count="15" type="cond" truecount="1" falsecount="1"/>
      <line num="56" count="15" type="stmt"/>
      <line num="59" count="2" type="stmt"/>
      <line num="62" count="0" type="stmt"/>
      <line num="63" count="0" type="stmt"/>
      <line num="64" count="0" type="stmt"/>
      <line num="68" count="0" type="stmt"/>
      <line num="69" count="0" type="stmt"/>
      <line num="73" count="0" type="stmt"/>
      <line num="74" count="0" type="stmt"/>
      <line num="75" count="0" type="stmt"/>
      <line num="77" count="0" type="cond" truecount="0" falsecount="2"/>
      <line num="78" count="0" type="stmt"/>
      <line num="81" count="0" type="stmt"/>
      <line num="86" count="0" type="stmt"/>
      <line num="88" count="0" type="stmt"/>
      <line num="89" count="0" type="cond" truecount="0" falsecount="2"/>
      <line num="90" count="0" type="stmt"/>
      <line num="92" count="0" type="cond" truecount="0" falsecount="2"/>
      <line num="94" count="0" type="stmt"/>
      <line num="95" count="0" type="stmt"/>
      <line num="96" count="0" type="stmt"/>
      <line num="98" count="0" type="cond" truecount="0" falsecount="2"/>
      <line num="99" count="0" type="cond" truecount="0" falsecount="2"/>
      <line num="100" count="0" type="stmt"/>
      <line num="103" count="0" type="stmt"/>
      <line num="107" count="15" type="cond" truecount="1" falsecount="1"/>
      <line num="108" count="0" type="stmt"/>
      <line num="110" count="15" type="stmt"/>
      <line num="112" count="15" type="cond" truecount="2" falsecount="0"/>
      <line num="116" count="15" type="stmt"/>
      <line num="117" count="15" type="stmt"/>
      <line num="120" count="15" type="stmt"/>
      <line num="121" count="15" type="stmt"/>
      <line num="122" count="15" type="cond" truecount="2" falsecount="2"/>
      <line num="123" count="0" type="stmt"/>
      <line num="124" count="0" type="stmt"/>
      <line num="127" count="15" type="stmt"/>
      <line num="131" count="3" type="stmt"/>
      <line num="132" count="3" type="cond" truecount="1" falsecount="1"/>
      <line num="136" count="2" type="stmt"/>
      <line num="138" count="78" type="stmt"/>
      <line num="139" count="78" type="cond" truecount="2" falsecount="0"/>
      <line num="140" count="76" type="stmt"/>
      <line num="143" count="2" type="stmt"/>
      <line num="144" count="2" type="stmt"/>
      <line num="145" count="2" type="stmt"/>
      <line num="146" count="2" type="stmt"/>
      <line num="147" count="2" type="stmt"/>
      <line num="148" count="2" type="stmt"/>
      <line num="149" count="2" type="stmt"/>
      <line num="150" count="2" type="stmt"/>
      <line num="151" count="2" type="stmt"/>
      <line num="152" count="2" type="stmt"/>
      <line num="153" count="2" type="stmt"/>
      <line num="154" count="2" type="stmt"/>
      <line num="155" count="2" type="stmt"/>
      <line num="156" count="14" type="stmt"/>
      <line num="157" count="2" type="stmt"/>
      <line num="158" count="2" type="stmt"/>
      <line num="159" count="16" type="stmt"/>
      <line num="160" count="4" type="stmt"/>
    </file>
  </project>
</coverage>
