{"/Users/zane/playground/dmd-readme-api/.eslintrc.js": {"path":"/Users/zane/playground/dmd-readme-api/.eslintrc.js","statementMap":{"0":{"start":{"line":1,"column":21},"end":{"line":47,"column":1}},"1":{"start":{"line":60,"column":0},"end":{"line":60,"column":29}}},"fnMap":{},"branchMap":{},"s":{"0":0,"1":0},"f":{},"b":{}}
,"/Users/zane/playground/dmd-readme-api/helpers/ddata.js": {"path":"/Users/zane/playground/dmd-readme-api/helpers/ddata.js","statementMap":{"0":{"start":{"line":1,"column":22},"end":{"line":13,"column":1}},"1":{"start":{"line":15,"column":26},"end":{"line":15,"column":46}},"2":{"start":{"line":18,"column":2},"end":{"line":18,"column":99}},"3":{"start":{"line":18,"column":50},"end":{"line":18,"column":69}},"4":{"start":{"line":18,"column":70},"end":{"line":18,"column":80}},"5":{"start":{"line":22,"column":2},"end":{"line":44,"column":4}},"6":{"start":{"line":23,"column":23},"end":{"line":23,"column":72}},"7":{"start":{"line":23,"column":54},"end":{"line":23,"column":71}},"8":{"start":{"line":24,"column":23},"end":{"line":24,"column":72}},"9":{"start":{"line":24,"column":54},"end":{"line":24,"column":71}},"10":{"start":{"line":26,"column":4},"end":{"line":43,"column":5}},"11":{"start":{"line":26,"column":35},"end":{"line":26,"column":44}},"12":{"start":{"line":27,"column":9},"end":{"line":43,"column":5}},"13":{"start":{"line":27,"column":40},"end":{"line":27,"column":48}},"14":{"start":{"line":29,"column":26},"end":{"line":31,"column":8}},"15":{"start":{"line":30,"column":8},"end":{"line":30,"column":27}},"16":{"start":{"line":32,"column":26},"end":{"line":34,"column":8}},"17":{"start":{"line":33,"column":8},"end":{"line":33,"column":27}},"18":{"start":{"line":35,"column":6},"end":{"line":41,"column":7}},"19":{"start":{"line":35,"column":19},"end":{"line":35,"column":20}},"20":{"start":{"line":36,"column":23},"end":{"line":36,"column":37}},"21":{"start":{"line":37,"column":23},"end":{"line":37,"column":37}},"22":{"start":{"line":38,"column":8},"end":{"line":40,"column":9}},"23":{"start":{"line":39,"column":10},"end":{"line":39,"column":45}},"24":{"start":{"line":42,"column":6},"end":{"line":42,"column":41}},"25":{"start":{"line":47,"column":0},"end":{"line":47,"column":35}},"26":{"start":{"line":48,"column":0},"end":{"line":48,"column":43}},"27":{"start":{"line":49,"column":0},"end":{"line":49,"column":25}}},"fnMap":{"0":{"name":"handledKinds","decl":{"start":{"line":15,"column":9},"end":{"line":15,"column":21}},"loc":{"start":{"line":15,"column":24},"end":{"line":15,"column":48}},"line":15},"1":{"name":"hasMultipleKinds","decl":{"start":{"line":17,"column":9},"end":{"line":17,"column":25}},"loc":{"start":{"line":17,"column":35},"end":{"line":19,"column":1}},"line":17},"2":{"name":"(anonymous_2)","decl":{"start":{"line":18,"column":36},"end":{"line":18,"column":37}},"loc":{"start":{"line":18,"column":48},"end":{"line":18,"column":82}},"line":18},"3":{"name":"sortAll","decl":{"start":{"line":21,"column":9},"end":{"line":21,"column":16}},"loc":{"start":{"line":21,"column":38},"end":{"line":45,"column":1}},"line":21},"4":{"name":"(anonymous_4)","decl":{"start":{"line":22,"column":25},"end":{"line":22,"column":26}},"loc":{"start":{"line":22,"column":35},"end":{"line":44,"column":3}},"line":22},"5":{"name":"(anonymous_5)","decl":{"start":{"line":23,"column":47},"end":{"line":23,"column":48}},"loc":{"start":{"line":23,"column":54},"end":{"line":23,"column":71}},"line":23},"6":{"name":"(anonymous_6)","decl":{"start":{"line":24,"column":47},"end":{"line":24,"column":48}},"loc":{"start":{"line":24,"column":54},"end":{"line":24,"column":71}},"line":24},"7":{"name":"(anonymous_7)","decl":{"start":{"line":29,"column":41},"end":{"line":29,"column":42}},"loc":{"start":{"line":29,"column":61},"end":{"line":31,"column":7}},"line":29},"8":{"name":"(anonymous_8)","decl":{"start":{"line":32,"column":41},"end":{"line":32,"column":42}},"loc":{"start":{"line":32,"column":61},"end":{"line":34,"column":7}},"line":32}},"branchMap":{"0":{"loc":{"start":{"line":26,"column":4},"end":{"line":43,"column":5}},"type":"if","locations":[{"start":{"line":26,"column":4},"end":{"line":43,"column":5}},{"start":{"line":27,"column":9},"end":{"line":43,"column":5}}],"line":26},"1":{"loc":{"start":{"line":27,"column":9},"end":{"line":43,"column":5}},"type":"if","locations":[{"start":{"line":27,"column":9},"end":{"line":43,"column":5}},{"start":{"line":28,"column":9},"end":{"line":43,"column":5}}],"line":27},"2":{"loc":{"start":{"line":38,"column":8},"end":{"line":40,"column":9}},"type":"if","locations":[{"start":{"line":38,"column":8},"end":{"line":40,"column":9}},{"start":{},"end":{}}],"line":38}},"s":{"0":2,"1":4,"2":13,"3":27,"4":27,"5":7,"6":9,"7":45,"8":9,"9":41,"10":9,"11":1,"12":8,"13":4,"14":4,"15":8,"16":4,"17":8,"18":4,"19":4,"20":8,"21":8,"22":8,"23":0,"24":4,"25":2,"26":2,"27":2},"f":{"0":4,"1":13,"2":27,"3":7,"4":9,"5":45,"6":41,"7":8,"8":8},"b":{"0":[1,8],"1":[4,4],"2":[0,8]},"_coverageSchema":"1a1c01bbd47fc00a2c39e90264f33305004495a9","hash":"b52f7902b57341877df45997ecbdd944e90fef90"}
,"/Users/zane/playground/dmd-readme-api/helpers/helpers.js": {"path":"/Users/zane/playground/dmd-readme-api/helpers/helpers.js","statementMap":{"0":{"start":{"line":1,"column":12},"end":{"line":1,"column":25}},"1":{"start":{"line":4,"column":2},"end":{"line":6,"column":3}},"2":{"start":{"line":5,"column":4},"end":{"line":5,"column":13}},"3":{"start":{"line":8,"column":15},"end":{"line":8,"column":24}},"4":{"start":{"line":9,"column":19},"end":{"line":9,"column":32}},"5":{"start":{"line":10,"column":15},"end":{"line":10,"column":24}},"6":{"start":{"line":11,"column":17},"end":{"line":11,"column":28}},"7":{"start":{"line":14,"column":18},"end":{"line":14,"column":46}},"8":{"start":{"line":16,"column":2},"end":{"line":16,"column":49}},"9":{"start":{"line":21,"column":16},"end":{"line":21,"column":61}},"10":{"start":{"line":22,"column":2},"end":{"line":22,"column":43}},"11":{"start":{"line":26,"column":20},"end":{"line":26,"column":42}},"12":{"start":{"line":27,"column":2},"end":{"line":27,"column":43}},"13":{"start":{"line":27,"column":29},"end":{"line":27,"column":41}},"14":{"start":{"line":29,"column":2},"end":{"line":32,"column":10}},"15":{"start":{"line":30,"column":4},"end":{"line":31,"column":25}},"16":{"start":{"line":30,"column":19},"end":{"line":30,"column":32}},"17":{"start":{"line":31,"column":11},"end":{"line":31,"column":23}},"18":{"start":{"line":36,"column":20},"end":{"line":36,"column":42}},"19":{"start":{"line":37,"column":2},"end":{"line":37,"column":43}},"20":{"start":{"line":37,"column":29},"end":{"line":37,"column":41}},"21":{"start":{"line":39,"column":2},"end":{"line":42,"column":11}},"22":{"start":{"line":40,"column":4},"end":{"line":41,"column":25}},"23":{"start":{"line":40,"column":18},"end":{"line":40,"column":31}},"24":{"start":{"line":41,"column":11},"end":{"line":41,"column":23}},"25":{"start":{"line":46,"column":20},"end":{"line":51,"column":1}},"26":{"start":{"line":48,"column":20},"end":{"line":48,"column":47}},"27":{"start":{"line":49,"column":2},"end":{"line":49,"column":46}},"28":{"start":{"line":49,"column":32},"end":{"line":49,"column":44}},"29":{"start":{"line":50,"column":2},"end":{"line":50,"column":18}},"30":{"start":{"line":53,"column":0},"end":{"line":53,"column":45}},"31":{"start":{"line":54,"column":0},"end":{"line":54,"column":39}},"32":{"start":{"line":55,"column":0},"end":{"line":55,"column":17}},"33":{"start":{"line":56,"column":0},"end":{"line":56,"column":15}},"34":{"start":{"line":57,"column":0},"end":{"line":57,"column":28}},"35":{"start":{"line":57,"column":23},"end":{"line":57,"column":28}},"36":{"start":{"line":58,"column":0},"end":{"line":58,"column":30}},"37":{"start":{"line":58,"column":24},"end":{"line":58,"column":30}},"38":{"start":{"line":59,"column":0},"end":{"line":59,"column":28}},"39":{"start":{"line":59,"column":23},"end":{"line":59,"column":28}},"40":{"start":{"line":60,"column":0},"end":{"line":60,"column":30}},"41":{"start":{"line":60,"column":24},"end":{"line":60,"column":30}},"42":{"start":{"line":61,"column":0},"end":{"line":61,"column":63}},"43":{"start":{"line":61,"column":34},"end":{"line":61,"column":63}}},"fnMap":{"0":{"name":"extractSourceLink","decl":{"start":{"line":3,"column":9},"end":{"line":3,"column":26}},"loc":{"start":{"line":3,"column":29},"end":{"line":17,"column":1}},"line":3},"1":{"name":"extractSummary","decl":{"start":{"line":19,"column":9},"end":{"line":19,"column":23}},"loc":{"start":{"line":19,"column":37},"end":{"line":23,"column":1}},"line":19},"2":{"name":"and","decl":{"start":{"line":25,"column":9},"end":{"line":25,"column":12}},"loc":{"start":{"line":25,"column":15},"end":{"line":33,"column":1}},"line":25},"3":{"name":"(anonymous_3)","decl":{"start":{"line":29,"column":26},"end":{"line":29,"column":27}},"loc":{"start":{"line":29,"column":45},"end":{"line":32,"column":3}},"line":29},"4":{"name":"or","decl":{"start":{"line":35,"column":9},"end":{"line":35,"column":11}},"loc":{"start":{"line":35,"column":14},"end":{"line":43,"column":1}},"line":35},"5":{"name":"(anonymous_5)","decl":{"start":{"line":39,"column":26},"end":{"line":39,"column":27}},"loc":{"start":{"line":39,"column":45},"end":{"line":42,"column":3}},"line":39},"6":{"name":"(anonymous_6)","decl":{"start":{"line":46,"column":20},"end":{"line":46,"column":21}},"loc":{"start":{"line":46,"column":35},"end":{"line":51,"column":1}},"line":46},"7":{"name":"(anonymous_7)","decl":{"start":{"line":57,"column":13},"end":{"line":57,"column":14}},"loc":{"start":{"line":57,"column":23},"end":{"line":57,"column":28}},"line":57},"8":{"name":"(anonymous_8)","decl":{"start":{"line":58,"column":14},"end":{"line":58,"column":15}},"loc":{"start":{"line":58,"column":24},"end":{"line":58,"column":30}},"line":58},"9":{"name":"(anonymous_9)","decl":{"start":{"line":59,"column":13},"end":{"line":59,"column":14}},"loc":{"start":{"line":59,"column":23},"end":{"line":59,"column":28}},"line":59},"10":{"name":"(anonymous_10)","decl":{"start":{"line":60,"column":14},"end":{"line":60,"column":15}},"loc":{"start":{"line":60,"column":24},"end":{"line":60,"column":30}},"line":60},"11":{"name":"(anonymous_11)","decl":{"start":{"line":61,"column":16},"end":{"line":61,"column":17}},"loc":{"start":{"line":61,"column":34},"end":{"line":61,"column":63}},"line":61}},"branchMap":{"0":{"loc":{"start":{"line":4,"column":2},"end":{"line":6,"column":3}},"type":"if","locations":[{"start":{"line":4,"column":2},"end":{"line":6,"column":3}},{"start":{},"end":{}}],"line":4},"1":{"loc":{"start":{"line":22,"column":9},"end":{"line":22,"column":43}},"type":"binary-expr","locations":[{"start":{"line":22,"column":10},"end":{"line":22,"column":15}},{"start":{"line":22,"column":19},"end":{"line":22,"column":27}},{"start":{"line":22,"column":32},"end":{"line":22,"column":43}}],"line":22},"2":{"loc":{"start":{"line":27,"column":2},"end":{"line":27,"column":43}},"type":"if","locations":[{"start":{"line":27,"column":2},"end":{"line":27,"column":43}},{"start":{},"end":{}}],"line":27},"3":{"loc":{"start":{"line":30,"column":4},"end":{"line":31,"column":25}},"type":"if","locations":[{"start":{"line":30,"column":4},"end":{"line":31,"column":25}},{"start":{"line":31,"column":9},"end":{"line":31,"column":25}}],"line":30},"4":{"loc":{"start":{"line":37,"column":2},"end":{"line":37,"column":43}},"type":"if","locations":[{"start":{"line":37,"column":2},"end":{"line":37,"column":43}},{"start":{},"end":{}}],"line":37},"5":{"loc":{"start":{"line":40,"column":4},"end":{"line":41,"column":25}},"type":"if","locations":[{"start":{"line":40,"column":4},"end":{"line":41,"column":25}},{"start":{"line":41,"column":9},"end":{"line":41,"column":25}}],"line":40},"6":{"loc":{"start":{"line":49,"column":2},"end":{"line":49,"column":46}},"type":"if","locations":[{"start":{"line":49,"column":2},"end":{"line":49,"column":46}},{"start":{},"end":{}}],"line":49}},"s":{"0":2,"1":8,"2":0,"3":8,"4":8,"5":8,"6":8,"7":8,"8":8,"9":12,"10":12,"11":17,"12":17,"13":1,"14":16,"15":30,"16":3,"17":27,"18":21,"19":21,"20":1,"21":20,"22":46,"23":2,"24":44,"25":2,"26":38,"27":38,"28":2,"29":36,"30":2,"31":2,"32":2,"33":2,"34":2,"35":0,"36":2,"37":0,"38":2,"39":0,"40":2,"41":0,"42":2,"43":0},"f":{"0":8,"1":12,"2":17,"3":30,"4":21,"5":46,"6":38,"7":0,"8":0,"9":0,"10":0,"11":0},"b":{"0":[0,8],"1":[12,7,5],"2":[1,16],"3":[3,27],"4":[1,20],"5":[2,44],"6":[2,36]},"_coverageSchema":"1a1c01bbd47fc00a2c39e90264f33305004495a9","hash":"f04253736005e51db963f767d4e728644aed8214"}
}
