{"/Users/zane/playground/dmd-readme-api/.eslintrc.js": {"path":"/Users/zane/playground/dmd-readme-api/.eslintrc.js","statementMap":{"0":{"start":{"line":1,"column":21},"end":{"line":47,"column":1}},"1":{"start":{"line":60,"column":0},"end":{"line":60,"column":29}}},"fnMap":{},"branchMap":{},"s":{"0":0,"1":0},"f":{},"b":{}}
,"/Users/zane/playground/dmd-readme-api/helpers/ddata.js": {"path":"/Users/zane/playground/dmd-readme-api/helpers/ddata.js","statementMap":{"0":{"start":{"line":1,"column":22},"end":{"line":13,"column":1}},"1":{"start":{"line":15,"column":26},"end":{"line":15,"column":46}},"2":{"start":{"line":18,"column":2},"end":{"line":18,"column":99}},"3":{"start":{"line":18,"column":50},"end":{"line":18,"column":69}},"4":{"start":{"line":18,"column":70},"end":{"line":18,"column":80}},"5":{"start":{"line":22,"column":2},"end":{"line":29,"column":4}},"6":{"start":{"line":23,"column":23},"end":{"line":23,"column":72}},"7":{"start":{"line":23,"column":54},"end":{"line":23,"column":71}},"8":{"start":{"line":24,"column":23},"end":{"line":24,"column":72}},"9":{"start":{"line":24,"column":54},"end":{"line":24,"column":71}},"10":{"start":{"line":26,"column":4},"end":{"line":28,"column":48}},"11":{"start":{"line":26,"column":35},"end":{"line":26,"column":44}},"12":{"start":{"line":27,"column":9},"end":{"line":28,"column":48}},"13":{"start":{"line":27,"column":40},"end":{"line":27,"column":48}},"14":{"start":{"line":28,"column":11},"end":{"line":28,"column":46}},"15":{"start":{"line":32,"column":0},"end":{"line":32,"column":35}},"16":{"start":{"line":33,"column":0},"end":{"line":33,"column":43}},"17":{"start":{"line":34,"column":0},"end":{"line":34,"column":25}}},"fnMap":{"0":{"name":"handledKinds","decl":{"start":{"line":15,"column":9},"end":{"line":15,"column":21}},"loc":{"start":{"line":15,"column":24},"end":{"line":15,"column":48}},"line":15},"1":{"name":"hasMultipleKinds","decl":{"start":{"line":17,"column":9},"end":{"line":17,"column":25}},"loc":{"start":{"line":17,"column":35},"end":{"line":19,"column":1}},"line":17},"2":{"name":"(anonymous_2)","decl":{"start":{"line":18,"column":36},"end":{"line":18,"column":37}},"loc":{"start":{"line":18,"column":48},"end":{"line":18,"column":82}},"line":18},"3":{"name":"sortAll","decl":{"start":{"line":21,"column":9},"end":{"line":21,"column":16}},"loc":{"start":{"line":21,"column":26},"end":{"line":30,"column":1}},"line":21},"4":{"name":"(anonymous_4)","decl":{"start":{"line":22,"column":25},"end":{"line":22,"column":26}},"loc":{"start":{"line":22,"column":35},"end":{"line":29,"column":3}},"line":22},"5":{"name":"(anonymous_5)","decl":{"start":{"line":23,"column":47},"end":{"line":23,"column":48}},"loc":{"start":{"line":23,"column":54},"end":{"line":23,"column":71}},"line":23},"6":{"name":"(anonymous_6)","decl":{"start":{"line":24,"column":47},"end":{"line":24,"column":48}},"loc":{"start":{"line":24,"column":54},"end":{"line":24,"column":71}},"line":24}},"branchMap":{"0":{"loc":{"start":{"line":26,"column":4},"end":{"line":28,"column":48}},"type":"if","locations":[{"start":{"line":26,"column":4},"end":{"line":28,"column":48}},{"start":{"line":27,"column":9},"end":{"line":28,"column":48}}],"line":26},"1":{"loc":{"start":{"line":27,"column":9},"end":{"line":28,"column":48}},"type":"if","locations":[{"start":{"line":27,"column":9},"end":{"line":28,"column":48}},{"start":{"line":28,"column":9},"end":{"line":28,"column":48}}],"line":27}},"s":{"0":2,"1":3,"2":9,"3":19,"4":19,"5":6,"6":7,"7":35,"8":7,"9":29,"10":7,"11":1,"12":6,"13":2,"14":4,"15":2,"16":2,"17":2},"f":{"0":3,"1":9,"2":19,"3":6,"4":7,"5":35,"6":29},"b":{"0":[1,6],"1":[2,4]},"_coverageSchema":"1a1c01bbd47fc00a2c39e90264f33305004495a9","hash":"f2339f4eb613591b882520eab030c2abd9e3fe54"}
,"/Users/zane/playground/dmd-readme-api/helpers/helpers.js": {"path":"/Users/zane/playground/dmd-readme-api/helpers/helpers.js","statementMap":{"0":{"start":{"line":1,"column":12},"end":{"line":1,"column":25}},"1":{"start":{"line":4,"column":15},"end":{"line":4,"column":24}},"2":{"start":{"line":5,"column":19},"end":{"line":5,"column":32}},"3":{"start":{"line":6,"column":15},"end":{"line":6,"column":24}},"4":{"start":{"line":7,"column":17},"end":{"line":7,"column":28}},"5":{"start":{"line":10,"column":18},"end":{"line":10,"column":46}},"6":{"start":{"line":12,"column":2},"end":{"line":12,"column":49}},"7":{"start":{"line":17,"column":16},"end":{"line":17,"column":61}},"8":{"start":{"line":18,"column":2},"end":{"line":18,"column":43}},"9":{"start":{"line":22,"column":20},"end":{"line":22,"column":42}},"10":{"start":{"line":23,"column":2},"end":{"line":23,"column":43}},"11":{"start":{"line":23,"column":29},"end":{"line":23,"column":41}},"12":{"start":{"line":25,"column":2},"end":{"line":25,"column":33}},"13":{"start":{"line":29,"column":20},"end":{"line":29,"column":42}},"14":{"start":{"line":30,"column":2},"end":{"line":30,"column":43}},"15":{"start":{"line":30,"column":29},"end":{"line":30,"column":41}},"16":{"start":{"line":32,"column":2},"end":{"line":32,"column":32}},"17":{"start":{"line":36,"column":20},"end":{"line":41,"column":1}},"18":{"start":{"line":38,"column":20},"end":{"line":38,"column":47}},"19":{"start":{"line":39,"column":2},"end":{"line":39,"column":46}},"20":{"start":{"line":39,"column":32},"end":{"line":39,"column":44}},"21":{"start":{"line":40,"column":2},"end":{"line":40,"column":18}},"22":{"start":{"line":43,"column":0},"end":{"line":43,"column":45}},"23":{"start":{"line":44,"column":0},"end":{"line":44,"column":39}},"24":{"start":{"line":45,"column":0},"end":{"line":45,"column":17}},"25":{"start":{"line":46,"column":0},"end":{"line":46,"column":15}}},"fnMap":{"0":{"name":"extractSourceLink","decl":{"start":{"line":3,"column":9},"end":{"line":3,"column":26}},"loc":{"start":{"line":3,"column":29},"end":{"line":13,"column":1}},"line":3},"1":{"name":"extractSummary","decl":{"start":{"line":15,"column":9},"end":{"line":15,"column":23}},"loc":{"start":{"line":15,"column":37},"end":{"line":19,"column":1}},"line":15},"2":{"name":"and","decl":{"start":{"line":21,"column":9},"end":{"line":21,"column":12}},"loc":{"start":{"line":21,"column":15},"end":{"line":26,"column":1}},"line":21},"3":{"name":"or","decl":{"start":{"line":28,"column":9},"end":{"line":28,"column":11}},"loc":{"start":{"line":28,"column":14},"end":{"line":33,"column":1}},"line":28},"4":{"name":"(anonymous_4)","decl":{"start":{"line":36,"column":20},"end":{"line":36,"column":21}},"loc":{"start":{"line":36,"column":35},"end":{"line":41,"column":1}},"line":36}},"branchMap":{"0":{"loc":{"start":{"line":18,"column":9},"end":{"line":18,"column":43}},"type":"binary-expr","locations":[{"start":{"line":18,"column":10},"end":{"line":18,"column":15}},{"start":{"line":18,"column":19},"end":{"line":18,"column":27}},{"start":{"line":18,"column":32},"end":{"line":18,"column":43}}],"line":18},"1":{"loc":{"start":{"line":23,"column":2},"end":{"line":23,"column":43}},"type":"if","locations":[{"start":{"line":23,"column":2},"end":{"line":23,"column":43}},{"start":{},"end":{}}],"line":23},"2":{"loc":{"start":{"line":30,"column":2},"end":{"line":30,"column":43}},"type":"if","locations":[{"start":{"line":30,"column":2},"end":{"line":30,"column":43}},{"start":{},"end":{}}],"line":30},"3":{"loc":{"start":{"line":39,"column":2},"end":{"line":39,"column":46}},"type":"if","locations":[{"start":{"line":39,"column":2},"end":{"line":39,"column":46}},{"start":{},"end":{}}],"line":39}},"s":{"0":2,"1":6,"2":6,"3":6,"4":6,"5":6,"6":6,"7":10,"8":10,"9":14,"10":14,"11":1,"12":13,"13":14,"14":14,"15":1,"16":13,"17":2,"18":28,"19":28,"20":2,"21":26,"22":2,"23":2,"24":2,"25":2},"f":{"0":6,"1":10,"2":14,"3":14,"4":28},"b":{"0":[10,5,5],"1":[1,13],"2":[1,13],"3":[2,26]},"_coverageSchema":"1a1c01bbd47fc00a2c39e90264f33305004495a9","hash":"edf59ba5f97a8c9548a9b221a0ace7bac87cf326"}
}
